Copyright 1986-2017 Xilinx, Inc. All Rights Reserved.
------------------------------------------------------------------------------------
| Tool Version : Vivado v.2017.3 (win64) Build 2018833 Wed Oct  4 19:58:22 MDT 2017
| Date         : Wed Dec 13 06:21:05 2017
| Host         : ZhenyuPan running 64-bit major release  (build 9200)
| Command      : report_control_sets -file top_logic_control_sets_placed.rpt
| Design       : top_logic
| Device       : xc7a100t
------------------------------------------------------------------------------------

Control Set Information

Table of Contents
-----------------
1. Summary
2. Flip-Flop Distribution

1. Summary
----------

+-------------------------------+-------+
|             Status            | Count |
+-------------------------------+-------+
| Number of unique control sets |    78 |
+-------------------------------+-------+


2. Flip-Flop Distribution
-------------------------

+--------------+-----------------------+------------------------+-----------------+--------------+
| Clock Enable | Synchronous Set/Reset | Asynchronous Set/Reset | Total Registers | Total Slices |
+--------------+-----------------------+------------------------+-----------------+--------------+
| No           | No                    | No                     |              95 |           40 |
| No           | No                    | Yes                    |              65 |           24 |
| No           | Yes                   | No                     |              98 |           51 |
| Yes          | No                    | No                     |              38 |           25 |
| Yes          | No                    | Yes                    |              56 |           28 |
| Yes          | Yes                   | No                     |             317 |          118 |
+--------------+-----------------------+------------------------+-----------------+--------------+


