Copyright 1986-2017 Xilinx, Inc. All Rights Reserved.
---------------------------------------------------------------------------------------------------------------------------------------------
| Tool Version : Vivado v.2017.3 (win64) Build 2018833 Wed Oct  4 19:58:22 MDT 2017
| Date         : Wed Dec 13 06:21:42 2017
| Host         : ZhenyuPan running 64-bit major release  (build 9200)
| Command      : report_timing_summary -file top_logic_timing_summary_routed.rpt -warn_on_violation -rpx top_logic_timing_summary_routed.rpx
| Design       : top_logic
| Device       : 7a100t-csg324
| Speed File   : -1  PRODUCTION 1.19 2017-08-11
---------------------------------------------------------------------------------------------------------------------------------------------

Timing Summary Report

------------------------------------------------------------------------------------------------
| Timer Settings
| --------------
------------------------------------------------------------------------------------------------

  Enable Multi Corner Analysis               :  Yes
  Enable Pessimism Removal                   :  Yes
  Pessimism Removal Resolution               :  Nearest Common Node
  Enable Input Delay Default Clock           :  No
  Enable Preset / Clear Arcs                 :  No
  Disable Flight Delays                      :  No
  Ignore I/O Paths                           :  No
  Timing Early Launch at Borrowing Latches   :  false

  Corner  Analyze    Analyze    
  Name    Max Paths  Min Paths  
  ------  ---------  ---------  
  Slow    Yes        Yes        
  Fast    Yes        Yes        



check_timing report

Table of Contents
-----------------
1. checking no_clock
2. checking constant_clock
3. checking pulse_width_clock
4. checking unconstrained_internal_endpoints
5. checking no_input_delay
6. checking no_output_delay
7. checking multiple_clock
8. checking generated_clocks
9. checking loops
10. checking partial_input_delay
11. checking partial_output_delay
12. checking latch_loops

1. checking no_clock
--------------------
 There are 57 register/latch pins with no clock driven by root clock pin: VGA/vgaclk/CLKOUT_reg/Q (HIGH)

 There are 60 register/latch pins with no clock driven by root clock pin: nolabel_line147/clk_out_reg/Q (HIGH)


2. checking constant_clock
--------------------------
 There are 0 register/latch pins with constant_clock.


3. checking pulse_width_clock
-----------------------------
 There are 0 register/latch pins which need pulse_width check


4. checking unconstrained_internal_endpoints
--------------------------------------------
 There are 319 pins that are not constrained for maximum delay. (HIGH)

 There are 0 pins that are not constrained for maximum delay due to constant clock.


5. checking no_input_delay
--------------------------
 There are 13 input ports with no input delay specified. (HIGH)

 There are 0 input ports with no input delay but user has a false path constraint.


6. checking no_output_delay
---------------------------
 There are 39 ports with no output delay specified. (HIGH)

 There are 0 ports with no output delay but user has a false path constraint

 There are 0 ports with no output delay but with a timing clock defined on it or propagating through it


7. checking multiple_clock
--------------------------
 There are 0 register/latch pins with multiple clocks.


8. checking generated_clocks
----------------------------
 There are 0 generated clocks that are not connected to a clock source.


9. checking loops
-----------------
 There are 0 combinational loops in the design.


10. checking partial_input_delay
--------------------------------
 There are 0 input ports with partial input delay specified.


11. checking partial_output_delay
---------------------------------
 There are 0 ports with partial output delay specified.


12. checking latch_loops
------------------------
 There are 0 combinational latch loops in the design through latch input



------------------------------------------------------------------------------------------------
| Design Timing Summary
| ---------------------
------------------------------------------------------------------------------------------------

    WNS(ns)      TNS(ns)  TNS Failing Endpoints  TNS Total Endpoints      WHS(ns)      THS(ns)  THS Failing Endpoints  THS Total Endpoints     WPWS(ns)     TPWS(ns)  TPWS Failing Endpoints  TPWS Total Endpoints  
    -------      -------  ---------------------  -------------------      -------      -------  ---------------------  -------------------     --------     --------  ----------------------  --------------------  
      2.482        0.000                      0                 2198        0.115        0.000                      0                 2198        3.750        0.000                       0                   737  


All user specified timing constraints are met.


------------------------------------------------------------------------------------------------
| Clock Summary
| -------------
------------------------------------------------------------------------------------------------

Clock        Waveform(ns)       Period(ns)      Frequency(MHz)
-----        ------------       ----------      --------------
sys_clk_pin  {0.000 5.000}      10.000          100.000         


------------------------------------------------------------------------------------------------
| Intra Clock Table
| -----------------
------------------------------------------------------------------------------------------------

Clock             WNS(ns)      TNS(ns)  TNS Failing Endpoints  TNS Total Endpoints      WHS(ns)      THS(ns)  THS Failing Endpoints  THS Total Endpoints     WPWS(ns)     TPWS(ns)  TPWS Failing Endpoints  TPWS Total Endpoints  
-----             -------      -------  ---------------------  -------------------      -------      -------  ---------------------  -------------------     --------     --------  ----------------------  --------------------  
sys_clk_pin         2.482        0.000                      0                 2198        0.115        0.000                      0                 2198        3.750        0.000                       0                   737  


------------------------------------------------------------------------------------------------
| Inter Clock Table
| -----------------
------------------------------------------------------------------------------------------------

From Clock    To Clock          WNS(ns)      TNS(ns)  TNS Failing Endpoints  TNS Total Endpoints      WHS(ns)      THS(ns)  THS Failing Endpoints  THS Total Endpoints  
----------    --------          -------      -------  ---------------------  -------------------      -------      -------  ---------------------  -------------------  


------------------------------------------------------------------------------------------------
| Other Path Groups Table
| -----------------------
------------------------------------------------------------------------------------------------

Path Group    From Clock    To Clock          WNS(ns)      TNS(ns)  TNS Failing Endpoints  TNS Total Endpoints      WHS(ns)      THS(ns)  THS Failing Endpoints  THS Total Endpoints  
----------    ----------    --------          -------      -------  ---------------------  -------------------      -------      -------  ---------------------  -------------------  


------------------------------------------------------------------------------------------------
| Timing Details
| --------------
------------------------------------------------------------------------------------------------


---------------------------------------------------------------------------------------------------
From Clock:  sys_clk_pin
  To Clock:  sys_clk_pin

Setup :            0  Failing Endpoints,  Worst Slack        2.482ns,  Total Violation        0.000ns
Hold  :            0  Failing Endpoints,  Worst Slack        0.115ns,  Total Violation        0.000ns
PW    :            0  Failing Endpoints,  Worst Slack        3.750ns,  Total Violation        0.000ns
---------------------------------------------------------------------------------------------------


Max Delay Paths
--------------------------------------------------------------------------------------
Slack (MET) :             2.482ns  (required time - arrival time)
  Source:                 MCS/inst/lmb_bram_I/U0/inst_blk_mem_gen/gnbram.gnative_mem_map_bmg.native_mem_map_blk_mem_gen/valid.cstr/ramloop[0].ram.r/prim_noinit.ram/DEVICE_7SERIES.WITH_BMM_INFO.TRUE_DP.SIMPLE_PRIM36.TDP_SP36_NO_ECC_ATTR.ram/CLKARDCLK
                            (rising edge-triggered cell RAMB36E1 clocked by sys_clk_pin  {rise@0.000ns fall@5.000ns period=10.000ns})
  Destination:            MCS/inst/microblaze_I/U0/MicroBlaze_Core_I/Area.Core/Data_Flow_I/Operand_Select_I/OpSelect_Bits[16].Operand_Select_Bit_I/Op2_DFF/Using_FPGA.Native/D
                            (rising edge-triggered cell FDRE clocked by sys_clk_pin  {rise@0.000ns fall@5.000ns period=10.000ns})
  Path Group:             sys_clk_pin
  Path Type:              Setup (Max at Slow Process Corner)
  Requirement:            10.000ns  (sys_clk_pin rise@10.000ns - sys_clk_pin rise@0.000ns)
  Data Path Delay:        7.449ns  (logic 3.304ns (44.353%)  route 4.145ns (55.647%))
  Logic Levels:           5  (LUT2=1 LUT3=2 LUT4=1 LUT6=1)
  Clock Path Skew:        -0.064ns (DCD - SCD + CPR)
    Destination Clock Delay (DCD):    4.942ns = ( 14.942 - 10.000 ) 
    Source Clock Delay      (SCD):    5.283ns
    Clock Pessimism Removal (CPR):    0.277ns
  Clock Uncertainty:      0.035ns  ((TSJ^2 + TIJ^2)^1/2 + DJ) / 2 + PE
    Total System Jitter     (TSJ):    0.071ns
    Total Input Jitter      (TIJ):    0.000ns
    Discrete Jitter          (DJ):    0.000ns
    Phase Error              (PE):    0.000ns

    Location             Delay type                Incr(ns)  Path(ns)    Netlist Resource(s)
  -------------------------------------------------------------------    -------------------
                         (clock sys_clk_pin rise edge)
                                                      0.000     0.000 r  
    E3                                                0.000     0.000 r  clk (IN)
                         net (fo=0)                   0.000     0.000    clk
    E3                   IBUF (Prop_ibuf_I_O)         1.482     1.482 r  clk_IBUF_inst/O
                         net (fo=1, routed)           2.025     3.506    clk_IBUF
    BUFGCTRL_X0Y16       BUFG (Prop_bufg_I_O)         0.096     3.602 r  clk_IBUF_BUFG_inst/O
                         net (fo=736, routed)         1.681     5.283    MCS/inst/lmb_bram_I/U0/inst_blk_mem_gen/gnbram.gnative_mem_map_bmg.native_mem_map_blk_mem_gen/valid.cstr/ramloop[0].ram.r/prim_noinit.ram/clka
    RAMB36_X0Y16         RAMB36E1                                     r  MCS/inst/lmb_bram_I/U0/inst_blk_mem_gen/gnbram.gnative_mem_map_bmg.native_mem_map_blk_mem_gen/valid.cstr/ramloop[0].ram.r/prim_noinit.ram/DEVICE_7SERIES.WITH_BMM_INFO.TRUE_DP.SIMPLE_PRIM36.TDP_SP36_NO_ECC_ATTR.ram/CLKARDCLK
  -------------------------------------------------------------------    -------------------
    RAMB36_X0Y16         RAMB36E1 (Prop_ramb36e1_CLKARDCLK_DOADO[15])
                                                      2.454     7.737 r  MCS/inst/lmb_bram_I/U0/inst_blk_mem_gen/gnbram.gnative_mem_map_bmg.native_mem_map_blk_mem_gen/valid.cstr/ramloop[0].ram.r/prim_noinit.ram/DEVICE_7SERIES.WITH_BMM_INFO.TRUE_DP.SIMPLE_PRIM36.TDP_SP36_NO_ECC_ATTR.ram/DOADO[15]
                         net (fo=1, routed)           1.098     8.835    MCS/inst/dlmb/U0/Sl_DBus[16]
    SLICE_X3Y84          LUT2 (Prop_lut2_I0_O)        0.124     8.959 r  MCS/inst/dlmb/U0/LMB_ReadDBus[16]_INST_0/O
                         net (fo=2, routed)           0.959     9.918    MCS/inst/microblaze_I/U0/MicroBlaze_Core_I/Area.Core/Byte_Doublet_Handle_I/Data_Read[16]
    SLICE_X4Y83          LUT3 (Prop_lut3_I0_O)        0.152    10.070 r  MCS/inst/microblaze_I/U0/MicroBlaze_Core_I/Area.Core/Byte_Doublet_Handle_I/Using_FPGA.Native_i_1__13/O
                         net (fo=1, routed)           0.672    10.742    MCS/inst/microblaze_I/U0/MicroBlaze_Core_I/Area.Core/Data_Flow_I/Result_Mux_I/Result_Mux_Bits[16].Result_Mux_Bit_I/Data_Shift_Mux/extend_Data_Read[0]
    SLICE_X9Y85          LUT6 (Prop_lut6_I3_O)        0.326    11.068 r  MCS/inst/microblaze_I/U0/MicroBlaze_Core_I/Area.Core/Data_Flow_I/Result_Mux_I/Result_Mux_Bits[16].Result_Mux_Bit_I/Data_Shift_Mux/Using_FPGA.Native/O
                         net (fo=7, routed)           0.614    11.682    MCS/inst/microblaze_I/U0/MicroBlaze_Core_I/Area.Core/Data_Flow_I/Result_Mux_I/Result_Mux_Bits[16].Result_Mux_Bit_I/Data_Shift_Mux/ex_Result[0]
    SLICE_X10Y88         LUT4 (Prop_lut4_I0_O)        0.124    11.806 r  MCS/inst/microblaze_I/U0/MicroBlaze_Core_I/Area.Core/Data_Flow_I/Result_Mux_I/Result_Mux_Bits[16].Result_Mux_Bit_I/Data_Shift_Mux/Using_FPGA.Native_i_2__22/O
                         net (fo=1, routed)           0.802    12.609    MCS/inst/microblaze_I/U0/MicroBlaze_Core_I/Area.Core/Decode_I/PreFetch_Buffer_I/PreFetch_Buffers[2].SRL16E_I/Using_FPGA.take_Intr_2nd_Phase_reg_14
    SLICE_X9Y86          LUT3 (Prop_lut3_I0_O)        0.124    12.733 r  MCS/inst/microblaze_I/U0/MicroBlaze_Core_I/Area.Core/Decode_I/PreFetch_Buffer_I/PreFetch_Buffers[2].SRL16E_I/Using_FPGA.Native_i_1__36/O
                         net (fo=1, routed)           0.000    12.733    MCS/inst/microblaze_I/U0/MicroBlaze_Core_I/Area.Core/Data_Flow_I/Operand_Select_I/OpSelect_Bits[16].Operand_Select_Bit_I/Op2_DFF/D_15
    SLICE_X9Y86          FDRE                                         r  MCS/inst/microblaze_I/U0/MicroBlaze_Core_I/Area.Core/Data_Flow_I/Operand_Select_I/OpSelect_Bits[16].Operand_Select_Bit_I/Op2_DFF/Using_FPGA.Native/D
  -------------------------------------------------------------------    -------------------

                         (clock sys_clk_pin rise edge)
                                                     10.000    10.000 r  
    E3                                                0.000    10.000 r  clk (IN)
                         net (fo=0)                   0.000    10.000    clk
    E3                   IBUF (Prop_ibuf_I_O)         1.411    11.411 r  clk_IBUF_inst/O
                         net (fo=1, routed)           1.920    13.331    clk_IBUF
    BUFGCTRL_X0Y16       BUFG (Prop_bufg_I_O)         0.091    13.422 r  clk_IBUF_BUFG_inst/O
                         net (fo=736, routed)         1.519    14.942    MCS/inst/microblaze_I/U0/MicroBlaze_Core_I/Area.Core/Data_Flow_I/Operand_Select_I/OpSelect_Bits[16].Operand_Select_Bit_I/Op2_DFF/Clk
    SLICE_X9Y86          FDRE                                         r  MCS/inst/microblaze_I/U0/MicroBlaze_Core_I/Area.Core/Data_Flow_I/Operand_Select_I/OpSelect_Bits[16].Operand_Select_Bit_I/Op2_DFF/Using_FPGA.Native/C
                         clock pessimism              0.277    15.219    
                         clock uncertainty           -0.035    15.183    
    SLICE_X9Y86          FDRE (Setup_fdre_C_D)        0.031    15.214    MCS/inst/microblaze_I/U0/MicroBlaze_Core_I/Area.Core/Data_Flow_I/Operand_Select_I/OpSelect_Bits[16].Operand_Select_Bit_I/Op2_DFF/Using_FPGA.Native
  -------------------------------------------------------------------
                         required time                         15.214    
                         arrival time                         -12.733    
  -------------------------------------------------------------------
                         slack                                  2.482    





Min Delay Paths
--------------------------------------------------------------------------------------
Slack (MET) :             0.115ns  (arrival time - required time)
  Source:                 SPI1/C1/RxSTATE_reg[0]/C
                            (rising edge-triggered cell FDRE clocked by sys_clk_pin  {rise@0.000ns fall@5.000ns period=10.000ns})
  Destination:            SPI1/C1/rx_shift_register_reg[3]/D
                            (rising edge-triggered cell FDRE clocked by sys_clk_pin  {rise@0.000ns fall@5.000ns period=10.000ns})
  Path Group:             sys_clk_pin
  Path Type:              Hold (Min at Fast Process Corner)
  Requirement:            0.000ns  (sys_clk_pin rise@0.000ns - sys_clk_pin rise@0.000ns)
  Data Path Delay:        0.499ns  (logic 0.213ns (42.646%)  route 0.286ns (57.354%))
  Logic Levels:           1  (LUT2=1)
  Clock Path Skew:        0.278ns (DCD - SCD - CPR)
    Destination Clock Delay (DCD):    2.007ns
    Source Clock Delay      (SCD):    1.483ns
    Clock Pessimism Removal (CPR):    0.245ns

    Location             Delay type                Incr(ns)  Path(ns)    Netlist Resource(s)
  -------------------------------------------------------------------    -------------------
                         (clock sys_clk_pin rise edge)
                                                      0.000     0.000 r  
    E3                                                0.000     0.000 r  clk (IN)
                         net (fo=0)                   0.000     0.000    clk
    E3                   IBUF (Prop_ibuf_I_O)         0.250     0.250 r  clk_IBUF_inst/O
                         net (fo=1, routed)           0.644     0.894    clk_IBUF
    BUFGCTRL_X0Y16       BUFG (Prop_bufg_I_O)         0.026     0.920 r  clk_IBUF_BUFG_inst/O
                         net (fo=736, routed)         0.564     1.483    SPI1/C1/clk_IBUF_BUFG
    SLICE_X34Y103        FDRE                                         r  SPI1/C1/RxSTATE_reg[0]/C
  -------------------------------------------------------------------    -------------------
    SLICE_X34Y103        FDRE (Prop_fdre_C_Q)         0.164     1.647 r  SPI1/C1/RxSTATE_reg[0]/Q
                         net (fo=12, routed)          0.286     1.934    SPI1/C1/RxSTATE_reg_n_0_[0]
    SLICE_X35Y99         LUT2 (Prop_lut2_I0_O)        0.049     1.983 r  SPI1/C1/rx_shift_register[3]_i_1/O
                         net (fo=1, routed)           0.000     1.983    SPI1/C1/rx_shift_register[3]_i_1_n_0
    SLICE_X35Y99         FDRE                                         r  SPI1/C1/rx_shift_register_reg[3]/D
  -------------------------------------------------------------------    -------------------

                         (clock sys_clk_pin rise edge)
                                                      0.000     0.000 r  
    E3                                                0.000     0.000 r  clk (IN)
                         net (fo=0)                   0.000     0.000    clk
    E3                   IBUF (Prop_ibuf_I_O)         0.438     0.438 r  clk_IBUF_inst/O
                         net (fo=1, routed)           0.699     1.136    clk_IBUF
    BUFGCTRL_X0Y16       BUFG (Prop_bufg_I_O)         0.029     1.165 r  clk_IBUF_BUFG_inst/O
                         net (fo=736, routed)         0.842     2.007    SPI1/C1/clk_IBUF_BUFG
    SLICE_X35Y99         FDRE                                         r  SPI1/C1/rx_shift_register_reg[3]/C
                         clock pessimism             -0.245     1.761    
    SLICE_X35Y99         FDRE (Hold_fdre_C_D)         0.107     1.868    SPI1/C1/rx_shift_register_reg[3]
  -------------------------------------------------------------------
                         required time                         -1.868    
                         arrival time                           1.983    
  -------------------------------------------------------------------
                         slack                                  0.115    





Pulse Width Checks
--------------------------------------------------------------------------------------
Clock Name:         sys_clk_pin
Waveform(ns):       { 0.000 5.000 }
Period(ns):         10.000
Sources:            { clk }

Check Type        Corner  Lib Pin             Reference Pin  Required(ns)  Actual(ns)  Slack(ns)  Location      Pin
Min Period        n/a     RAMB36E1/CLKARDCLK  n/a            2.576         10.000      7.424      RAMB36_X0Y17  MCS/inst/lmb_bram_I/U0/inst_blk_mem_gen/gnbram.gnative_mem_map_bmg.native_mem_map_blk_mem_gen/valid.cstr/ramloop[1].ram.r/prim_noinit.ram/DEVICE_7SERIES.WITH_BMM_INFO.TRUE_DP.SIMPLE_PRIM36.TDP_SP36_NO_ECC_ATTR.ram/CLKARDCLK
Low Pulse Width   Slow    RAMD32/CLK          n/a            1.250         5.000       3.750      SLICE_X2Y90   MCS/inst/microblaze_I/U0/MicroBlaze_Core_I/Area.Core/Data_Flow_I/Register_File_I/Using_FPGA.Gen_RegFile[2].Register_File_Bit_I/RegFile_X1/Using_FPGA.Native/DP/CLK
High Pulse Width  Slow    RAMD32/CLK          n/a            1.250         5.000       3.750      SLICE_X2Y84   MCS/inst/microblaze_I/U0/MicroBlaze_Core_I/Area.Core/Data_Flow_I/Register_File_I/Using_FPGA.Gen_RegFile[13].Register_File_Bit_I/RegFile_X1/Using_FPGA.Native/DP/CLK



