Copyright 1986-2017 Xilinx, Inc. All Rights Reserved.
------------------------------------------------------------------------------------
| Tool Version : Vivado v.2017.3 (win64) Build 2018833 Wed Oct  4 19:58:22 MDT 2017
| Date         : Tue Dec 12 20:08:41 2017
| Host         : ZhenyuPan running 64-bit major release  (build 9200)
| Command      : upgrade_ip
| Device       : xc7a100tcsg324-1
------------------------------------------------------------------------------------

Upgrade Log for IP 'microblaze_mcs_0'

1. Summary
----------

SUCCESS in the upgrade of microblaze_mcs_0 (xilinx.com:ip:microblaze_mcs:3.0) from (Rev. 5) to (Rev. 6)






Copyright 1986-2017 Xilinx, Inc. All Rights Reserved.
------------------------------------------------------------------------------------
| Tool Version : Vivado v.2017.2 (win64) Build 1909853 Thu Jun 15 18:39:09 MDT 2017
| Date         : Tue Dec 12 18:57:40 2017
| Host         : AK113-09 running 64-bit major release  (build 9200)
| Command      : upgrade_ip
| Device       : xc7a100tcsg324-1
------------------------------------------------------------------------------------

Upgrade Log for IP 'microblaze_mcs_0'

1. Summary
----------

SUCCESS in the upgrade of microblaze_mcs_0 (xilinx.com:ip:microblaze_mcs:3.0) from (Rev. 6) to (Rev. 5)

